<?xml version="1.0" encoding="UTF-8"?>
<testsuite xmlns:xsi="http://www.w3.org/2001/XMLSchema-instance" xsi:noNamespaceSchemaLocation="https://maven.apache.org/surefire/maven-surefire-plugin/xsd/surefire-test-report-3.0.xsd" version="3.0" name="br.com.hotword.HotWordServiceApplicationTests" time="1.532" tests="1" errors="0" skipped="0" failures="0">
  <properties>
[...]
</properties>
  <testcase name="contextLoads" classname="br.com.hotword.HotWordServiceApplicationTests" time="0.453">
    <system-out><![CDATA[11:03:50.817 [main] INFO org.springframework.test.context.support.AnnotationConfigContextLoaderUtils -- Could not detect default configuration classes for test class [br.com.hotword.HotWordServiceApplicationTests]: HotWordServiceApplicationTests does not declare any static, non-private, non-final, nested classes annotated with @Configuration.
11:03:50.864 [main] INFO org.springframework.boot.test.context.SpringBootTestContextBootstrapper -- Found @SpringBootConfiguration br.com.hotword.HotWordServiceApplication for test class br.com.hotword.HotWordServiceApplicationTests

  .   ____          _            __ _ _
 /\\ / ___'_ __ _ _(_)_ __  __ _ \ \ \ \
( ( )\___ | '_ | '_| | '_ \/ _` | \ \ \ \
 \\/  ___)| |_)| | | | | || (_| |  ) ) ) )
  '  |____| .__|_| |_|_| |_\__, | / / / /
 =========|_|==============|___/=/_/_/_/
 :: Spring Boot ::                (v3.1.1)

2023-07-21T11:03:51.033-03:00  INFO 8386 --- [           main] b.c.h.HotWordServiceApplicationTests     : Starting HotWordServiceApplicationTests using Java 17.0.2 with PID 8386 (started by leandrooliveira in /Users/leandrooliveira/Downloads/hot-word-service)
2023-07-21T11:03:51.034-03:00  INFO 8386 --- [           main] b.c.h.HotWordServiceApplicationTests     : No active profile set, falling back to 1 default profile: "default"
2023-07-21T11:03:51.761-03:00  INFO 8386 --- [           main] o.s.b.a.e.web.EndpointLinksResolver      : Exposing 1 endpoint(s) beneath base path '/actuator'
2023-07-21T11:03:51.784-03:00  INFO 8386 --- [           main] b.c.h.HotWordServiceApplicationTests     : Started HotWordServiceApplicationTests in 0.861 seconds (process running for 1.389)
]]></system-out>
  </testcase>
</testsuite>